<?xml version="1.0" encoding="UTF-8"?>
<Site BuildName="(empty)"
	BuildStamp="20240120-1324-Experimental"
	Name="dinossaurobebado"
	Generator="ctest-3.22.1"
	CompilerName="/usr/bin/g++"
	CompilerVersion="11.4.0"
	OSName="Linux"
	Hostname="dinossaurobebado"
	OSRelease="6.2.0-39-generic"
	OSVersion="#40~22.04.1-Ubuntu SMP PREEMPT_DYNAMIC Thu Nov 16 10:53:04 UTC 2"
	OSPlatform="x86_64"
	Is64Bits="1"
	VendorString="GenuineIntel"
	VendorID="Intel Corporation"
	FamilyID="6"
	ModelID="140"
	ProcessorCacheSize="12288"
	NumberOfLogicalCPU="8"
	NumberOfPhysicalCPU="4"
	TotalVirtualMemory="2047"
	TotalPhysicalMemory="7482"
	LogicalProcessorsPerPhysical="2"
	ProcessorClockFrequency="3499.99"
	>
	<Testing>
		<StartDateTime>Jan 20 10:24 -03</StartDateTime>
		<StartTestTime>1705757065</StartTestTime>
		<TestList/>
		<EndDateTime>Jan 20 10:24 -03</EndDateTime>
		<EndTestTime>1705757065</EndTestTime>
		<ElapsedMinutes>0</ElapsedMinutes>
	</Testing>
</Site>
